2026-04-04 16:07:35.410 T:365214    info <general>: CAddonMgr::FindAddon: pvr.kofin v0.2.3 installed
2026-04-04 16:07:35.411 T:365214   debug <general>: CAddonMgr: pvr.kofin successfully loaded
2026-04-04 16:07:35.411 T:365373   debug <general>: ContextMenuManager: addon menus reloaded.
2026-04-04 16:07:35.411 T:365373   debug <general>: CServiceAddonManager: starting pvr.kofin
2026-04-04 16:07:35.411 T:365214   debug <general>: LocalizeStrings: loaded 102 strings from file /home/conor/.kodi/addons/pvr.kofin/resources/language/resource.language.en_gb/strings.po
2026-04-04 16:07:35.411 T:365377   debug <general>: Thread LanguageInvoker start, auto delete: false
2026-04-04 16:07:35.411 T:365377   debug <general>: initializing python engine.
2026-04-04 16:07:35.411 T:365377   debug <general>: CPythonInvoker(4, /home/conor/.kodi/addons/pvr.kofin/resources/scripts/service.py): start processing
2026-04-04 16:07:35.454 T:365374    info <general>: UpdateClients: Creating PVR client: addonId=pvr.kofin, instanceId=0, clientId=3
2026-04-04 16:07:35.454 T:365378   debug <general>: Thread PVRGUIProgressHandler start, auto delete: false
2026-04-04 16:07:35.454 T:365374   debug <general>: ADDON: Dll Initializing - Kofin PVR for Jellyfin
2026-04-04 16:07:35.454 T:365374   debug <general>: SECTION:LoadDLL(/home/conor/.kodi/addons/pvr.kofin/pvr.kofin.so.0.2.3)
2026-04-04 16:07:35.454 T:365374   debug <general>: Loading: /home/conor/.kodi/addons/pvr.kofin/pvr.kofin.so.0.2.3
2026-04-04 16:07:35.454 T:365374   error <general>: Unable to load /home/conor/.kodi/addons/pvr.kofin/pvr.kofin.so.0.2.3, reason: /home/conor/.kodi/addons/pvr.kofin/pvr.kofin.so.0.2.3: cannot open shared object file: No such file or directory
2026-04-04 16:07:35.463 T:357155   debug <general>: CGUIMediaWindow::GetDirectory (addons://repository.kontell/kodi.pvrclient)
2026-04-04 16:07:35.463 T:357155   debug <general>:   ParentPath = [addons://repository.kontell/kodi.pvrclient]
2026-04-04 16:07:35.463 T:365214   debug <general>: CAddonMgr::GetCompatibleVersions took 0 ms
2026-04-04 16:07:35.463 T:365214   debug <general>: ADDONS: unpinned Addon: [pvr.kofin] Origin: [repository.kontell] Version: [0.2.3]
2026-04-04 16:07:35.463 T:365379   debug <general>: Thread waiting start, auto delete: false
2026-04-04 16:07:35.464 T:365379   debug <general>: CAddonDatabase: SELECT repo.id FROM repo .. took 0 ms
2026-04-04 16:07:35.464 T:365379   debug <general>: CAddonDatabase: query  SELECT addons.*, repo.addonID AS repoID FROM addons JOIN addonlinkrepo ON addons.id=addonlinkrepo.idAddon JOIN repo ON repo.id=addonlinkrepo.idRepo WHERE addonlinkrepo.idRepo IN (7) ORDER BY repo.addonID, addons.addonID returned 3 rows in 0 ms
2026-04-04 16:07:35.464 T:365379   debug <general>: CAddonDatabase::GetAddons took 0 ms
2026-04-04 16:07:35.464 T:365379   debug <general>: CAddonDatabase: SELECT repo.id FROM repo .. took 0 ms
2026-04-04 16:07:35.468 T:365379   debug <general>: CAddonDatabase: query  SELECT addons.*, repo.addonID AS repoID FROM addons JOIN addonlinkrepo ON addons.id=addonlinkrepo.idAddon JOIN repo ON repo.id=addonlinkrepo.idRepo WHERE addonlinkrepo.idRepo IN (1,2,4,6,7) ORDER BY repo.addonID, addons.addonID returned 977 rows in 3 ms
2026-04-04 16:07:35.473 T:365377   debug <general>: -->Python Interpreter Initialized<--
2026-04-04 16:07:35.474 T:365377   debug <general>: 
                                                   
2026-04-04 16:07:35.474 T:365377   debug <general>: CPythonInvoker(4, /home/conor/.kodi/addons/pvr.kofin/resources/scripts/service.py): the source file to load is "/home/conor/.kodi/addons/pvr.kofin/resources/scripts/service.py"
2026-04-04 16:07:35.490 T:365379   debug <general>: CAddonDatabase::GetAddons took 25 ms
2026-04-04 16:07:35.492 T:365379   debug <general>: CAddonMgr::GetAddonsWithAvailableUpdate took 28 ms
2026-04-04 16:07:35.495 T:365377   debug <general>: CPythonInvoker(4): full python path:
2026-04-04 16:07:35.495 T:365379   debug <general>: Thread waiting 140451651389120 terminating
2026-04-04 16:07:35.495 T:365377   debug <general>: CPythonInvoker(4):   custom python path:
2026-04-04 16:07:35.495 T:365377   debug <general>: CPythonInvoker(4):     /home/conor/.kodi/addons/pvr.kofin/resources/scripts
2026-04-04 16:07:35.495 T:365377   debug <general>: CPythonInvoker(4):   default python path:
2026-04-04 16:07:35.495 T:365377   debug <general>: CPythonInvoker(4):     /usr/lib/python313.zip
2026-04-04 16:07:35.495 T:365377   debug <general>: CPythonInvoker(4):     /usr/lib/python3.13
2026-04-04 16:07:35.495 T:365377   debug <general>: CPythonInvoker(4):     /usr/lib/python3.13/lib-dynload
2026-04-04 16:07:35.495 T:365377   debug <general>: CPythonInvoker(4):     /usr/local/lib/python3.13/dist-packages
2026-04-04 16:07:35.495 T:365377   debug <general>: CPythonInvoker(4):     /usr/lib/python3/dist-packages
2026-04-04 16:07:35.496 T:365377   debug <general>: CPythonInvoker(4): adding args:
2026-04-04 16:07:35.496 T:365377   debug <general>: CPythonInvoker(4):  
2026-04-04 16:07:35.496 T:365377   debug <general>: CPythonInvoker(4, /home/conor/.kodi/addons/pvr.kofin/resources/scripts/service.py): entering source directory /home/conor/.kodi/addons/pvr.kofin/resources/scripts
2026-04-04 16:07:35.496 T:365377   debug <general>: CPythonInvoker(4, /home/conor/.kodi/addons/pvr.kofin/resources/scripts/service.py): instantiating addon using automatically obtained id of "pvr.kofin" dependent on version 0.0.0 of the xbmc.python api
2026-04-04 16:07:35.496 T:365377    info <general>: pvr.kofin service: started
2026-04-04 16:07:35.496 T:365380   debug <general>: Thread BackgroundLoader start, auto delete: false
2026-04-04 16:07:35.496 T:357155   debug <general>: [threads] name: 'BackgroundLoader' priority: '1'
2026-04-04 16:07:35.497 T:357155   debug <general>: ------ Window Init (DialogConfirm.xml) ------
2026-04-04 16:07:35.497 T:357155    info <general>: Loading skin file: DialogConfirm.xml, load type: KEEP_IN_MEMORY
2026-04-04 16:07:35.497 T:365380   debug <general>: Thread BackgroundLoader 140452875462336 terminating
2026-04-04 16:07:35.498 T:357155   debug <general>: ------ Window Init (DialogExtendedProgressBar.xml) ------
2026-04-04 16:07:35.498 T:357155   debug <general>: ------ Window Init (DialogNotification.xml) ------
2026-04-04 16:07:35.637 T:357155   debug <general>: CGUIMediaWindow::GetDirectory (addons://repository.kontell/kodi.pvrclient)
2026-04-04 16:07:35.637 T:357155   debug <general>:   ParentPath = [addons://repository.kontell/kodi.pvrclient]
2026-04-04 16:07:35.638 T:365382   debug <general>: Thread waiting start, auto delete: false
2026-04-04 16:07:35.640 T:365382   debug <general>: CAddonDatabase: SELECT repo.id FROM repo .. took 0 ms
2026-04-04 16:07:35.640 T:365382   debug <general>: CAddonDatabase: query  SELECT addons.*, repo.addonID AS repoID FROM addons JOIN addonlinkrepo ON addons.id=addonlinkrepo.idAddon JOIN repo ON repo.id=addonlinkrepo.idRepo WHERE addonlinkrepo.idRepo IN (7) ORDER BY repo.addonID, addons.addonID returned 3 rows in 0 ms
2026-04-04 16:07:35.641 T:365382   debug <general>: CAddonDatabase::GetAddons took 0 ms
2026-04-04 16:07:35.642 T:365382   debug <general>: CAddonDatabase: SELECT repo.id FROM repo .. took 0 ms
2026-04-04 16:07:35.655 T:365382   debug <general>: CAddonDatabase: query  SELECT addons.*, repo.addonID AS repoID FROM addons JOIN addonlinkrepo ON addons.id=addonlinkrepo.idAddon JOIN repo ON repo.id=addonlinkrepo.idRepo WHERE addonlinkrepo.idRepo IN (1,2,4,6,7) ORDER BY repo.addonID, addons.addonID returned 977 rows in 13 ms
2026-04-04 16:07:35.694 T:365382   debug <general>: CAddonDatabase::GetAddons took 52 ms
2026-04-04 16:07:35.697 T:365382   debug <general>: CAddonMgr::GetAddonsWithAvailableUpdate took 55 ms
2026-04-04 16:07:35.704 T:365382   debug <general>: Thread waiting 140451651389120 terminating
2026-04-04 16:07:35.705 T:365384   debug <general>: Thread BackgroundLoader start, auto delete: false
2026-04-04 16:07:35.705 T:357155   debug <general>: [threads] name: 'BackgroundLoader' priority: '1'
2026-04-04 16:07:35.706 T:365384   debug <general>: Thread BackgroundLoader 140452875462336 terminating
2026-04-04 16:07:35.832 T:365214   debug <general>: CCurlFile::GetMimeType - <https://kontell.github.io/repository.kontell/omega/pvr.kofin+linux-aarch64/icon.png> -> failed
2026-04-04 16:07:35.832 T:365214   debug <general>: CurlFile::Open - <https://kontell.github.io/repository.kontell/omega/pvr.kofin+linux-aarch64/icon.png>
2026-04-04 16:07:35.862 T:365214   error <general>: CCurlFile::Open - <https://kontell.github.io/repository.kontell/omega/pvr.kofin+linux-aarch64/icon.png> Failed with code 404:
                                                   
2026-04-04 16:07:38.088 T:357206   debug <general>: script.module.slyguy - SIGNAL: on_donor_unset
2026-04-04 16:07:38.867 T:357155   debug <general>: Keyboard: scancode: 0x24, sym: 0x0d (enter), unicode: 0x0d, modifier: 0x0
2026-04-04 16:07:38.963 T:357155   debug <general>: Keyboard: scancode: 0x24, sym: 0x0d (enter), unicode: 0x00, modifier: 0x0
2026-04-04 16:07:38.964 T:357155   debug <general>: HandleKey: return (0xf00d) pressed, window 12002, action is Select
2026-04-04 16:07:39.202 T:357155   debug <general>: ------ Window Deinit (DialogConfirm.xml) ------
2026-04-04 16:07:39.229 T:365374   error <general>: IAddonInstanceHandler::CreateInstance: pvr.kofin returned bad status "Permanent failure" during instance creation
2026-04-04 16:07:39.230 T:365374   error <general>: Create: Failed to create PVR add-on instance 3. status=5
2026-04-04 16:07:39.300 T:365374   debug <general>: CAddonMgr: pvr.kofin disabled
2026-04-04 16:07:39.301 T:365378   debug <general>: Thread PVRGUIProgressHandler 140451659781824 terminating
2026-04-04 16:07:39.301 T:365342   debug <general>: CServiceAddonManager: stopping pvr.kofin.
2026-04-04 16:07:39.301 T:365342   debug <general>: CPythonInvoker(4, /home/conor/.kodi/addons/pvr.kofin/resources/scripts/service.py): trigger Monitor abort request
2026-04-04 16:07:39.301 T:365377    info <general>: pvr.kofin service: stopped
2026-04-04 16:07:39.302 T:365377   debug <general>: CPythonInvoker(4, /home/conor/.kodi/addons/pvr.kofin/resources/scripts/service.py): script successfully run
2026-04-04 16:07:39.302 T:365377   debug <general>: onExecutionDone(4, /home/conor/.kodi/addons/pvr.kofin/resources/scripts/service.py)
2026-04-04 16:07:39.312 T:365377   debug <general>: Python interpreter interrupted by user
2026-04-04 16:07:39.312 T:365342   debug <general>: CPythonInvoker(4, /home/conor/.kodi/addons/pvr.kofin/resources/scripts/service.py): script termination took 11ms
2026-04-04 16:07:39.312 T:365377   debug <general>: Thread LanguageInvoker 140452443436736 terminating
2026-04-04 16:07:39.335 T:357155   debug <general>: CGUIMediaWindow::GetDirectory (addons://repository.kontell/kodi.pvrclient)
2026-04-04 16:07:39.335 T:357155   debug <general>:   ParentPath = [addons://repository.kontell/kodi.pvrclient]
2026-04-04 16:07:39.335 T:365385   debug <general>: Thread waiting start, auto delete: false
2026-04-04 16:07:39.337 T:365385   debug <general>: CAddonDatabase: SELECT repo.id FROM repo .. took 0 ms
2026-04-04 16:07:39.338 T:365385   debug <general>: CAddonDatabase: query  SELECT addons.*, repo.addonID AS repoID FROM addons JOIN addonlinkrepo ON addons.id=addonlinkrepo.idAddon JOIN repo ON repo.id=addonlinkrepo.idRepo WHERE addonlinkrepo.idRepo IN (7) ORDER BY repo.addonID, addons.addonID returned 3 rows in 0 ms
2026-04-04 16:07:39.338 T:365385   debug <general>: CAddonDatabase::GetAddons took 1 ms
2026-04-04 16:07:39.340 T:365385   debug <general>: CAddonDatabase: SELECT repo.id FROM repo .. took 0 ms
2026-04-04 16:07:39.365 T:365385   debug <general>: CAddonDatabase: query  SELECT addons.*, repo.addonID AS repoID FROM addons JOIN addonlinkrepo ON addons.id=addonlinkrepo.idAddon JOIN repo ON repo.id=addonlinkrepo.idRepo WHERE addonlinkrepo.idRepo IN (1,2,4,6,7) ORDER BY repo.addonID, addons.addonID returned 977 rows in 24 ms
2026-04-04 16:07:39.403 T:365385   debug <general>: CAddonDatabase::GetAddons took 63 ms
2026-04-04 16:07:39.405 T:365385   debug <general>: CAddonMgr::GetAddonsWithAvailableUpdate took 66 ms
2026-04-04 16:07:39.407 T:365385   debug <general>: Thread waiting 140451659781824 terminating
2026-04-04 16:07:39.408 T:365386   debug <general>: Thread BackgroundLoader start, auto delete: false
2026-04-04 16:07:39.408 T:357155   debug <general>: [threads] name: 'BackgroundLoader' priority: '1'
2026-04-04 16:07:39.409 T:365386   debug <general>: Thread BackgroundLoader 140452875462336 terminating
2026-04-04 16:07:39.487 T:365373   debug <general>: CCurlFile::GetMimeType - <https://kontell.github.io/repository.kontell/omega/pvr.kofin+linux-aarch64/icon.png> -> failed
2026-04-04 16:07:39.487 T:365373   debug <general>: CurlFile::Open - <https://kontell.github.io/repository.kontell/omega/pvr.kofin+linux-aarch64/icon.png>
2026-04-04 16:07:39.510 T:365373   error <general>: CCurlFile::Open - <https://kontell.github.io/repository.kontell/omega/pvr.kofin+linux-aarch64/icon.png> Failed with code 404:
